{"C:\\Users\\mribu\\Creditu\\creditu-players\\src\\components\\Search.vue": {"path":"C:\\Users\\mribu\\Creditu\\creditu-players\\src\\components\\Search.vue","statementMap":{"0":{"start":{"line":44,"column":0},"end":{"line":44,"column":null}},"1":{"start":{"line":47,"column":0},"end":{"line":47,"column":null}},"2":{"start":{"line":54,"column":0},"end":{"line":54,"column":null}},"3":{"start":{"line":58,"column":0},"end":{"line":71,"column":null}},"4":{"start":{"line":63,"column":0},"end":{"line":63,"column":null}},"5":{"start":{"line":64,"column":0},"end":{"line":64,"column":null}},"6":{"start":{"line":65,"column":0},"end":{"line":65,"column":null}},"7":{"start":{"line":67,"column":0},"end":{"line":67,"column":null}},"8":{"start":{"line":70,"column":0},"end":{"line":70,"column":null}},"9":{"start":{"line":74,"column":0},"end":{"line":79,"column":null}},"10":{"start":{"line":75,"column":0},"end":{"line":75,"column":null}},"11":{"start":{"line":76,"column":0},"end":{"line":76,"column":null}},"12":{"start":{"line":78,"column":0},"end":{"line":78,"column":null}}},"fnMap":{"0":{"name":"(anonymous_1)","decl":{"start":{"line":47,"column":0},"end":{"line":47,"column":null}},"loc":{"start":{"line":47,"column":0},"end":{"line":47,"column":null}}},"1":{"name":"(anonymous_2)","decl":{"start":{"line":52,"column":0},"end":{"line":52,"column":null}},"loc":{"start":{"line":52,"column":0},"end":{"line":55,"column":null}}},"2":{"name":"(anonymous_3)","decl":{"start":{"line":57,"column":0},"end":{"line":57,"column":null}},"loc":{"start":{"line":57,"column":0},"end":{"line":72,"column":null}}},"3":{"name":"(anonymous_4)","decl":{"start":{"line":73,"column":0},"end":{"line":73,"column":null}},"loc":{"start":{"line":73,"column":0},"end":{"line":80,"column":null}}}},"branchMap":{"0":{"loc":{"start":{"line":74,"column":0},"end":{"line":79,"column":null}},"type":"if","locations":[{"start":{"line":74,"column":0},"end":{"line":79,"column":null}},{"start":{"line":74,"column":0},"end":{"line":79,"column":null}}]}},"s":{"0":4,"1":6,"2":0,"3":3,"4":3,"5":3,"6":3,"7":3,"8":0,"9":0,"10":0,"11":0,"12":0},"f":{"0":6,"1":0,"2":3,"3":0},"b":{"0":[0,0]}}
,"C:\\Users\\mribu\\Creditu\\creditu-players\\tests\\functions\\search.js": {"path":"C:\\Users\\mribu\\Creditu\\creditu-players\\tests\\functions\\search.js","statementMap":{"0":{"start":{"line":3,"column":2},"end":{"line":20,"column":4}},"1":{"start":{"line":25,"column":24},"end":{"line":25,"column":27}},"2":{"start":{"line":27,"column":2},"end":{"line":27,"column":23}},"3":{"start":{"line":32,"column":21},"end":{"line":32,"column":23}},"4":{"start":{"line":34,"column":2},"end":{"line":34,"column":20}},"5":{"start":{"line":39,"column":24},"end":{"line":39,"column":27}},"6":{"start":{"line":40,"column":18},"end":{"line":40,"column":23}},"7":{"start":{"line":42,"column":2},"end":{"line":44,"column":3}},"8":{"start":{"line":43,"column":4},"end":{"line":43,"column":21}},"9":{"start":{"line":46,"column":2},"end":{"line":46,"column":19}},"10":{"start":{"line":54,"column":0},"end":{"line":59,"column":2}}},"fnMap":{"0":{"name":"results","decl":{"start":{"line":2,"column":9},"end":{"line":2,"column":16}},"loc":{"start":{"line":2,"column":19},"end":{"line":21,"column":1}},"line":2},"1":{"name":"searchPlayers","decl":{"start":{"line":24,"column":9},"end":{"line":24,"column":22}},"loc":{"start":{"line":24,"column":25},"end":{"line":28,"column":1}},"line":24},"2":{"name":"validation","decl":{"start":{"line":31,"column":9},"end":{"line":31,"column":19}},"loc":{"start":{"line":31,"column":22},"end":{"line":35,"column":1}},"line":31},"3":{"name":"buscarPlayers","decl":{"start":{"line":38,"column":9},"end":{"line":38,"column":22}},"loc":{"start":{"line":38,"column":25},"end":{"line":47,"column":1}},"line":38}},"branchMap":{"0":{"loc":{"start":{"line":42,"column":2},"end":{"line":44,"column":3}},"type":"if","locations":[{"start":{"line":42,"column":2},"end":{"line":44,"column":3}},{"start":{"line":42,"column":2},"end":{"line":44,"column":3}}],"line":42}},"s":{"0":4,"1":2,"2":2,"3":2,"4":2,"5":2,"6":2,"7":2,"8":2,"9":2,"10":4},"f":{"0":4,"1":2,"2":2,"3":2},"b":{"0":[2,0]},"_coverageSchema":"43e27e138ebf9cfc5966b082cf9a028302ed4184","hash":"e29be2f1a9088b3a9af1d6f31b3dfba2d19ac25c"}
}
