TN:
SF:C:\Users\mribu\Creditu\creditu-players\src\components\Search.vue
FN:47,(anonymous_1)
FN:52,(anonymous_2)
FN:57,(anonymous_3)
FN:73,(anonymous_4)
FNF:4
FNH:2
FNDA:6,(anonymous_1)
FNDA:0,(anonymous_2)
FNDA:3,(anonymous_3)
FNDA:0,(anonymous_4)
DA:44,4
DA:47,6
DA:54,0
DA:58,3
DA:63,3
DA:64,3
DA:65,3
DA:67,3
DA:70,0
DA:74,0
DA:75,0
DA:76,0
DA:78,0
LF:13
LH:7
BRDA:74,0,0,0
BRDA:74,0,1,0
BRF:2
BRH:0
end_of_record
TN:
SF:C:\Users\mribu\Creditu\creditu-players\tests\functions\search.js
FN:2,results
FN:24,searchPlayers
FN:31,validation
FN:38,buscarPlayers
FNF:4
FNH:4
FNDA:4,results
FNDA:2,searchPlayers
FNDA:2,validation
FNDA:2,buscarPlayers
DA:3,4
DA:25,2
DA:27,2
DA:32,2
DA:34,2
DA:39,2
DA:40,2
DA:42,2
DA:43,2
DA:46,2
DA:54,4
LF:11
LH:11
BRDA:42,0,0,2
BRDA:42,0,1,0
BRF:2
BRH:1
end_of_record
